G:\WORKS\TALKMEDANDROID-COMPANY\TALKMED_ANEWINCORE\NATIVE\ANEQCLOUDLIVEVS2010\RELEASE\ANEWINCORE.DLL.INTERMEDIATE.MANIFEST
G:\WORKS\TALKMEDANDROID-COMPANY\TALKMED_ANEWINCORE\NATIVE\ANEQCLOUDLIVEVS2010\RELEASE\ANEWINCORE.OBJ
G:\WORKS\TALKMEDANDROID-COMPANY\TALKMED_ANEWINCORE\NATIVE\ANEQCLOUDLIVEVS2010\RELEASE\MINIDUMP.OBJ
G:\WORKS\TALKMEDANDROID-COMPANY\TALKMED_ANEWINCORE\NATIVE\ANEQCLOUDLIVEVS2010\RELEASE\VC100.PDB
G:\WORKS\TALKMEDANDROID-COMPANY\TALKMED_ANEWINCORE\NATIVE\RELEASE\ANEWINCORE.DLL
G:\Works\TalkMEDAndroid-Company\talkmed_anewincore\native\Release\ANEWinCore.exp
G:\Works\TalkMEDAndroid-Company\talkmed_anewincore\native\Release\ANEWinCore.lib
G:\WORKS\TALKMEDANDROID-COMPANY\TALKMED_ANEWINCORE\NATIVE\RELEASE\ANEWINCORE.PDB
I:\Works\eDoctor\ANEWinCore\native\ANEQcloudLiveVS2010\Release\ANEWinCore.obj
I:\Works\eDoctor\ANEWinCore\native\ANEQcloudLiveVS2010\Release\ANEWinCore.write.1.tlog
I:\Works\eDoctor\ANEWinCore\native\ANEQcloudLiveVS2010\Release\cl.command.1.tlog
I:\Works\eDoctor\ANEWinCore\native\ANEQcloudLiveVS2010\Release\CL.read.1.tlog
I:\Works\eDoctor\ANEWinCore\native\ANEQcloudLiveVS2010\Release\CL.write.1.tlog
I:\Works\eDoctor\ANEWinCore\native\ANEQcloudLiveVS2010\Release\link.command.1.tlog
I:\Works\eDoctor\ANEWinCore\native\ANEQcloudLiveVS2010\Release\link.read.1.tlog
I:\Works\eDoctor\ANEWinCore\native\ANEQcloudLiveVS2010\Release\link.write.1.tlog
I:\Works\eDoctor\ANEWinCore\native\ANEQcloudLiveVS2010\Release\MiniDump.obj
I:\Works\eDoctor\ANEWinCore\native\ANEQcloudLiveVS2010\Release\mt.command.1.tlog
I:\Works\eDoctor\ANEWinCore\native\ANEQcloudLiveVS2010\Release\mt.read.1.tlog
I:\Works\eDoctor\ANEWinCore\native\ANEQcloudLiveVS2010\Release\mt.write.1.tlog
I:\Works\eDoctor\ANEWinCore\native\ANEQcloudLiveVS2010\Release\vc100.pdb
I:\Works\eDoctor\ANEWinCore\native\Release\ANEWinCore.dll
I:\Works\eDoctor\ANEWinCore\native\Release\ANEWinCore.pdb
