g:\works\talkmedandroid-company\anewinwebview\native\x64\release\anewinwebview.lib
g:\works\talkmedandroid-company\anewinwebview\native\x64\release\anewinwebview.exp
g:\works\talkmedandroid-company\anewinwebview\native\aneqcloudlivevs2010\x64\release\vc120.pdb
g:\works\talkmedandroid-company\anewinwebview\native\aneqcloudlivevs2010\x64\release\anewkedocumentreadycallback.obj
g:\works\talkmedandroid-company\anewinwebview\native\aneqcloudlivevs2010\x64\release\anewinwebview.obj
g:\works\talkmedandroid-company\anewinwebview\native\aneqcloudlivevs2010\x64\release\aneutils.obj
g:\works\talkmedandroid-company\anewinwebview\native\x64\release\anewinwebview.dll
g:\works\talkmedandroid-company\anewinwebview\native\x64\release\anewinwebview.pdb
f:\works\edoctor\anewinwebview\native\aneqcloudlivevs2010\x64\release\aneutils.obj
f:\works\edoctor\anewinwebview\native\aneqcloudlivevs2010\x64\release\anewinwebview.obj
f:\works\edoctor\anewinwebview\native\aneqcloudlivevs2010\x64\release\anewkedocumentreadycallback.obj
f:\works\edoctor\anewinwebview\native\aneqcloudlivevs2010\x64\release\vc120.pdb
f:\works\edoctor\anewinwebview\native\x64\release\anewinwebview.pdb
f:\works\edoctor\anewinwebview\native\x64\release\anewinwebview.dll
f:\works\edoctor\anewinwebview\native\aneqcloudlivevs2010\x64\release\anewinwebview.tlog\anewinwebview.write.1u.tlog
f:\works\edoctor\anewinwebview\native\aneqcloudlivevs2010\x64\release\anewinwebview.tlog\cl.command.1.tlog
f:\works\edoctor\anewinwebview\native\aneqcloudlivevs2010\x64\release\anewinwebview.tlog\cl.read.1.tlog
f:\works\edoctor\anewinwebview\native\aneqcloudlivevs2010\x64\release\anewinwebview.tlog\cl.write.1.tlog
f:\works\edoctor\anewinwebview\native\aneqcloudlivevs2010\x64\release\anewinwebview.tlog\link.command.1.tlog
f:\works\edoctor\anewinwebview\native\aneqcloudlivevs2010\x64\release\anewinwebview.tlog\link.read.1.tlog
f:\works\edoctor\anewinwebview\native\aneqcloudlivevs2010\x64\release\anewinwebview.tlog\link.write.1.tlog
